# JRE version: Java(TM) SE Runtime Environment (8.0_161-b12) (build 1.8.0_161-b12)
# Java VM: Java HotSpot(TM) 64-Bit Server VM (25.161-b12 mixed mode windows-amd64 compressed oops)
Heap:
 PSYoungGen      total 402944K, used 368881K [0x00000000e0000000, 0x0000000100000000, 0x0000000100000000)
  eden space 292864K, 100% used [0x00000000e0000000,0x00000000f1e00000,0x00000000f1e00000)
  from space 110080K, 69% used [0x00000000f9480000,0x00000000fdebc5d0,0x0000000100000000)
  to   space 115712K, 58% used [0x00000000f1e00000,0x00000000f604b180,0x00000000f8f00000)
 ParOldGen       total 210944K, used 99667K [0x00000000a0000000, 0x00000000ace00000, 0x00000000e0000000)
  object space 210944K, 47% used [0x00000000a0000000,0x00000000a6154e10,0x00000000ace00000)
 Metaspace       used 77013K, capacity 77728K, committed 77976K, reserved 1114112K
  class space    used 13952K, capacity 14166K, committed 14248K, reserved 1048576K
GC Heap History (10 events):
Event: 105.452 GC heap after
Heap after GC invocations=19 (full 5):
 PSYoungGen      total 407040K, used 58339K [0x00000000e0000000, 0x0000000100000000, 0x0000000100000000)
  eden space 348672K, 0% used [0x00000000e0000000,0x00000000e0000000,0x00000000f5480000)
  from space 58368K, 99% used [0x00000000fa900000,0x00000000fe1f8d88,0x00000000fe200000)
  to   space 86528K, 0% used [0x00000000f5480000,0x00000000f5480000,0x00000000fa900000)
 ParOldGen       total 210944K, used 99643K [0x00000000a0000000, 0x00000000ace00000, 0x00000000e0000000)
  object space 210944K, 47% used [0x00000000a0000000,0x00000000a614ee10,0x00000000ace00000)
 Metaspace       used 73757K, capacity 74448K, committed 74520K, reserved 1110016K
  class space    used 13433K, capacity 13607K, committed 13608K, reserved 1048576K
}
Event: 243.729 GC heap before
{Heap before GC invocations=20 (full 5):
 PSYoungGen      total 407040K, used 407011K [0x00000000e0000000, 0x0000000100000000, 0x0000000100000000)
  eden space 348672K, 100% used [0x00000000e0000000,0x00000000f5480000,0x00000000f5480000)
  from space 58368K, 99% used [0x00000000fa900000,0x00000000fe1f8d88,0x00000000fe200000)
  to   space 86528K, 0% used [0x00000000f5480000,0x00000000f5480000,0x00000000fa900000)
 ParOldGen       total 210944K, used 99643K [0x00000000a0000000, 0x00000000ace00000, 0x00000000e0000000)
  object space 210944K, 47% used [0x00000000a0000000,0x00000000a614ee10,0x00000000ace00000)
 Metaspace       used 76717K, capacity 77428K, committed 77720K, reserved 1112064K
  class space    used 13944K, capacity 14132K, committed 14248K, reserved 1048576K
Event: 243.792 GC heap after
Heap after GC invocations=20 (full 5):
 PSYoungGen      total 419328K, used 70503K [0x00000000e0000000, 0x0000000100000000, 0x0000000100000000)
  eden space 348672K, 0% used [0x00000000e0000000,0x00000000e0000000,0x00000000f5480000)
  from space 70656K, 99% used [0x00000000f5480000,0x00000000f9959fa0,0x00000000f9980000)
  to   space 95232K, 0% used [0x00000000fa300000,0x00000000fa300000,0x0000000100000000)
 ParOldGen       total 210944K, used 99651K [0x00000000a0000000, 0x00000000ace00000, 0x00000000e0000000)
  object space 210944K, 47% used [0x00000000a0000000,0x00000000a6150e10,0x00000000ace00000)
 Metaspace       used 76717K, capacity 77428K, committed 77720K, reserved 1112064K
  class space    used 13944K, capacity 14132K, committed 14248K, reserved 1048576K
}
Event: 367.314 GC heap before
{Heap before GC invocations=21 (full 5):
 PSYoungGen      total 419328K, used 419175K [0x00000000e0000000, 0x0000000100000000, 0x0000000100000000)
  eden space 348672K, 100% used [0x00000000e0000000,0x00000000f5480000,0x00000000f5480000)
  from space 70656K, 99% used [0x00000000f5480000,0x00000000f9959fa0,0x00000000f9980000)
  to   space 95232K, 0% used [0x00000000fa300000,0x00000000fa300000,0x0000000100000000)
 ParOldGen       total 210944K, used 99651K [0x00000000a0000000, 0x00000000ace00000, 0x00000000e0000000)
  object space 210944K, 47% used [0x00000000a0000000,0x00000000a6150e10,0x00000000ace00000)
 Metaspace       used 76902K, capacity 77600K, committed 77976K, reserved 1114112K
  class space    used 13952K, capacity 14166K, committed 14248K, reserved 1048576K
Event: 367.408 GC heap after
Heap after GC invocations=21 (full 5):
 PSYoungGen      total 411648K, used 74186K [0x00000000e0000000, 0x0000000100000000, 0x0000000100000000)
  eden space 316416K, 0% used [0x00000000e0000000,0x00000000e0000000,0x00000000f3500000)
  from space 95232K, 77% used [0x00000000fa300000,0x00000000feb72b60,0x0000000100000000)
  to   space 103936K, 0% used [0x00000000f3500000,0x00000000f3500000,0x00000000f9a80000)
 ParOldGen       total 210944K, used 99659K [0x00000000a0000000, 0x00000000ace00000, 0x00000000e0000000)
  object space 210944K, 47% used [0x00000000a0000000,0x00000000a6152e10,0x00000000ace00000)
 Metaspace       used 76902K, capacity 77600K, committed 77976K, reserved 1114112K
  class space    used 13952K, capacity 14166K, committed 14248K, reserved 1048576K
}
Event: 377.654 GC heap before
{Heap before GC invocations=22 (full 5):
 PSYoungGen      total 411648K, used 390602K [0x00000000e0000000, 0x0000000100000000, 0x0000000100000000)
  eden space 316416K, 100% used [0x00000000e0000000,0x00000000f3500000,0x00000000f3500000)
  from space 95232K, 77% used [0x00000000fa300000,0x00000000feb72b60,0x0000000100000000)
  to   space 103936K, 0% used [0x00000000f3500000,0x00000000f3500000,0x00000000f9a80000)
 ParOldGen       total 210944K, used 99659K [0x00000000a0000000, 0x00000000ace00000, 0x00000000e0000000)
  object space 210944K, 47% used [0x00000000a0000000,0x00000000a6152e10,0x00000000ace00000)
 Metaspace       used 76919K, capacity 77600K, committed 77976K, reserved 1114112K
  class space    used 13952K, capacity 14166K, committed 14248K, reserved 1048576K
Event: 377.715 GC heap after
Heap after GC invocations=22 (full 5):
 PSYoungGen      total 390656K, used 73829K [0x00000000e0000000, 0x0000000100000000, 0x0000000100000000)
  eden space 316416K, 0% used [0x00000000e0000000,0x00000000e0000000,0x00000000f3500000)
  from space 74240K, 99% used [0x00000000f3500000,0x00000000f7d194e8,0x00000000f7d80000)
  to   space 110080K, 0% used [0x00000000f9480000,0x00000000f9480000,0x0000000100000000)
 ParOldGen       total 210944K, used 99667K [0x00000000a0000000, 0x00000000ace00000, 0x00000000e0000000)
  object space 210944K, 47% used [0x00000000a0000000,0x00000000a6154e10,0x00000000ace00000)
 Metaspace       used 76919K, capacity 77600K, committed 77976K, reserved 1114112K
  class space    used 13952K, capacity 14166K, committed 14248K, reserved 1048576K
}
Event: 713.284 GC heap before
{Heap before GC invocations=23 (full 5):
 PSYoungGen      total 390656K, used 390245K [0x00000000e0000000, 0x0000000100000000, 0x0000000100000000)
  eden space 316416K, 100% used [0x00000000e0000000,0x00000000f3500000,0x00000000f3500000)
  from space 74240K, 99% used [0x00000000f3500000,0x00000000f7d194e8,0x00000000f7d80000)
  to   space 110080K, 0% used [0x00000000f9480000,0x00000000f9480000,0x0000000100000000)
 ParOldGen       total 210944K, used 99667K [0x00000000a0000000, 0x00000000ace00000, 0x00000000e0000000)
  object space 210944K, 47% used [0x00000000a0000000,0x00000000a6154e10,0x00000000ace00000)
 Metaspace       used 77002K, capacity 77664K, committed 77976K, reserved 1114112K
  class space    used 13952K, capacity 14166K, committed 14248K, reserved 1048576K
Event: 713.379 GC heap after
Heap after GC invocations=23 (full 5):
 PSYoungGen      total 402944K, used 76017K [0x00000000e0000000, 0x0000000100000000, 0x0000000100000000)
  eden space 292864K, 0% used [0x00000000e0000000,0x00000000e0000000,0x00000000f1e00000)
  from space 110080K, 69% used [0x00000000f9480000,0x00000000fdebc5d0,0x0000000100000000)
  to   space 115712K, 0% used [0x00000000f1e00000,0x00000000f1e00000,0x00000000f8f00000)
 ParOldGen       total 210944K, used 99667K [0x00000000a0000000, 0x00000000ace00000, 0x00000000e0000000)
  object space 210944K, 47% used [0x00000000a0000000,0x00000000a6154e10,0x00000000ace00000)
 Metaspace       used 77002K, capacity 77664K, committed 77976K, reserved 1114112K
  class space    used 13952K, capacity 14166K, committed 14248K, reserved 1048576K
}
Event: 1188.957 GC heap before
{Heap before GC invocations=24 (full 5):
 PSYoungGen      total 402944K, used 368881K [0x00000000e0000000, 0x0000000100000000, 0x0000000100000000)
  eden space 292864K, 100% used [0x00000000e0000000,0x00000000f1e00000,0x00000000f1e00000)
  from space 110080K, 69% used [0x00000000f9480000,0x00000000fdebc5d0,0x0000000100000000)
  to   space 115712K, 0% used [0x00000000f1e00000,0x00000000f1e00000,0x00000000f8f00000)
 ParOldGen       total 210944K, used 99667K [0x00000000a0000000, 0x00000000ace00000, 0x00000000e0000000)
  object space 210944K, 47% used [0x00000000a0000000,0x00000000a6154e10,0x00000000ace00000)
 Metaspace       used 77013K, capacity 77728K, committed 77976K, reserved 1114112K
  class space    used 13952K, capacity 14166K, committed 14248K, reserved 1048576K

